<?xml version="1.0" encoding="UTF-8"?>
<!-- Generated by org.testng.reporters.JUnitXMLReporter -->
<testsuite hostname="ITEM-A25299" name="Command line test" tests="8" failures="0" timestamp="24 Nov 2014 02:58:09 GMT" time="0.029" errors="0">
  <testcase name="testMaxEmptyArray" time="0.01" classname="com.jramberg.maxweighttest.MaxWeightTest"/>
  <testcase name="testMaxOneBall" time="0.0" classname="com.jramberg.maxweighttest.MaxWeightTest"/>
  <testcase name="testMaxWeightEvenLeft" time="0.0" classname="com.jramberg.maxweighttest.MaxWeightTest"/>
  <testcase name="testMaxWeightEvenRight" time="0.001" classname="com.jramberg.maxweighttest.MaxWeightTest"/>
  <testcase name="testMaxWeightOddLeft" time="0.001" classname="com.jramberg.maxweighttest.MaxWeightTest"/>
  <testcase name="testMaxWeightOddMiddle" time="0.001" classname="com.jramberg.maxweighttest.MaxWeightTest"/>
  <testcase name="testMaxWeightOddRight" time="0.0" classname="com.jramberg.maxweighttest.MaxWeightTest"/>
  <testcase name="testMaxWeightOddRightMiddle" time="0.0" classname="com.jramberg.maxweighttest.MaxWeightTest"/>
</testsuite> <!-- Command line test -->
