<?xml version="1.0" encoding="UTF-8" ?>
<testsuite failures="0" time="0.375" errors="0" skipped="0" tests="8" name="com.jramberg.maxweighttest.MaxWeightTest">
  <properties>
[...]
</properties>
  <testcase time="0.009" classname="com.jramberg.maxweighttest.MaxWeightTest" name="testMaxEmptyArray"/>
  <testcase time="0" classname="com.jramberg.maxweighttest.MaxWeightTest" name="testMaxOneBall"/>
  <testcase time="0.001" classname="com.jramberg.maxweighttest.MaxWeightTest" name="testMaxWeightEvenLeft"/>
  <testcase time="0.001" classname="com.jramberg.maxweighttest.MaxWeightTest" name="testMaxWeightEvenRight"/>
  <testcase time="0.001" classname="com.jramberg.maxweighttest.MaxWeightTest" name="testMaxWeightOddLeft"/>
  <testcase time="0" classname="com.jramberg.maxweighttest.MaxWeightTest" name="testMaxWeightOddMiddle"/>
  <testcase time="0" classname="com.jramberg.maxweighttest.MaxWeightTest" name="testMaxWeightOddRight"/>
  <testcase time="0" classname="com.jramberg.maxweighttest.MaxWeightTest" name="testMaxWeightOddRightMiddle"/>
</testsuite>